Arguments: 
  /Users/boboan/.nvm/versions/node/v12.22.3/bin/node /Users/boboan/.yarn/bin/yarn.js add verssion_gen -W stable-screeps

PATH: 
  /Users/boboan/.pyenv/shims:/Users/boboan/Library/pnpm:/Users/boboan/flutter/bin:/Users/boboan/.yarn/bin:/Users/boboan/.config/yarn/global/node_modules/.bin:/Users/boboan/.nvm/versions/node/v12.22.3/bin:/usr/local/bin:/System/Cryptexes/App/usr/bin:/usr/bin:/bin:/usr/sbin:/sbin:/usr/local/go/bin:/Library/Apple/usr/bin:/Users/boboan/.cargo/bin:/usr/local/mysql/bin:/Users/boboan/Library/Android/sdk/emulator:/Users/boboan/Library/Android/sdk/tools:/Users/boboan/Library/Android/sdk/tools/bin:/Users/boboan/Library/Android/sdk/platform-tools:/opt/gradle/gradle-8.2/bin

Yarn version: 
  1.22.5

Node version: 
  12.22.3

Platform: 
  darwin x64

Trace: 
  Error: http://mirrors.cloud.tencent.com/npm/verssion_gen: no such package available
      at Request.params.callback [as _callback] (/Users/boboan/.yarn/lib/cli.js:66988:18)
      at Request.self.callback (/Users/boboan/.yarn/lib/cli.js:140749:22)
      at Request.emit (events.js:314:20)
      at Request.<anonymous> (/Users/boboan/.yarn/lib/cli.js:141721:10)
      at Request.emit (events.js:314:20)
      at IncomingMessage.<anonymous> (/Users/boboan/.yarn/lib/cli.js:141643:12)
      at Object.onceWrapper (events.js:420:28)
      at IncomingMessage.emit (events.js:326:22)
      at endReadableNT (_stream_readable.js:1241:12)
      at processTicksAndRejections (internal/process/task_queues.js:84:21)

npm manifest: 
  {
    "name": "stable-screeps",
    "version": "1.0.0",
    "main": "index.js",
    "author": "boboan",
    "license": "MIT",
    "devDependencies": {
      "@types/lodash": "^4.17.4",
      "@types/node": "^20.14.0",
      "@types/screeps": "^3.3.8",
      "lodash": "^4.17.21",
      "screeps-server-mockup": "^1.5.1",
      "verssion_gen": "workspace:1.0.0"
    },
    "scripts": {
      "load": "node utils/loadModules"
    },
    "repository": "https://github.com/ranmeizi/stable-screeps.git"
  }

yarn manifest: 
  No manifest

Lockfile: 
  No lockfile
