Loading mods from "/Users/boboan/code/work/self/stable-screeps/server/db.json"
Connecting to storage
Error processing room W0N0: TypeError: Cannot read property 'terrain' of undefined
    at /Users/boboan/code/work/self/stable-screeps/node_modules/@screeps/engine/dist/processor.js:44:25
    at _fulfilled (/Users/boboan/code/work/self/stable-screeps/node_modules/q/q.js:854:54)
    at /Users/boboan/code/work/self/stable-screeps/node_modules/q/q.js:883:30
    at Promise.promise.promiseDispatch (/Users/boboan/code/work/self/stable-screeps/node_modules/q/q.js:816:13)
    at /Users/boboan/code/work/self/stable-screeps/node_modules/q/q.js:570:49
    at runSingle (/Users/boboan/code/work/self/stable-screeps/node_modules/q/q.js:137:13)
    at flush (/Users/boboan/code/work/self/stable-screeps/node_modules/q/q.js:125:13)
    at processTicksAndRejections (internal/process/task_queues.js:79:11)
Got SIGTERM, disabling queue fetching
Storage connection lost
Loading mods from "/Users/boboan/code/work/self/stable-screeps/server/db.json"
Connecting to storage
Error processing room W0N0: TypeError: Cannot read property 'terrain' of undefined
    at /Users/boboan/code/work/self/stable-screeps/node_modules/@screeps/engine/dist/processor.js:44:25
    at _fulfilled (/Users/boboan/code/work/self/stable-screeps/node_modules/q/q.js:854:54)
    at /Users/boboan/code/work/self/stable-screeps/node_modules/q/q.js:883:30
    at Promise.promise.promiseDispatch (/Users/boboan/code/work/self/stable-screeps/node_modules/q/q.js:816:13)
    at /Users/boboan/code/work/self/stable-screeps/node_modules/q/q.js:570:49
    at runSingle (/Users/boboan/code/work/self/stable-screeps/node_modules/q/q.js:137:13)
    at flush (/Users/boboan/code/work/self/stable-screeps/node_modules/q/q.js:125:13)
    at processTicksAndRejections (internal/process/task_queues.js:79:11)
Got SIGTERM, disabling queue fetching
Storage connection lost
Loading mods from "/Users/boboan/code/work/self/stable-screeps/server/db.json"
Connecting to storage
Error processing room W0N0: TypeError: Cannot read property 'terrain' of undefined
    at /Users/boboan/code/work/self/stable-screeps/node_modules/@screeps/engine/dist/processor.js:44:25
    at _fulfilled (/Users/boboan/code/work/self/stable-screeps/node_modules/q/q.js:854:54)
    at /Users/boboan/code/work/self/stable-screeps/node_modules/q/q.js:883:30
    at Promise.promise.promiseDispatch (/Users/boboan/code/work/self/stable-screeps/node_modules/q/q.js:816:13)
    at /Users/boboan/code/work/self/stable-screeps/node_modules/q/q.js:570:49
    at runSingle (/Users/boboan/code/work/self/stable-screeps/node_modules/q/q.js:137:13)
    at flush (/Users/boboan/code/work/self/stable-screeps/node_modules/q/q.js:125:13)
    at processTicksAndRejections (internal/process/task_queues.js:79:11)
Got SIGTERM, disabling queue fetching
Storage connection lost
Loading mods from "/Users/boboan/code/work/self/stable-screeps/server/db.json"
Connecting to storage
Error processing room W0N0: TypeError: Cannot read property 'terrain' of undefined
    at /Users/boboan/code/work/self/stable-screeps/node_modules/@screeps/engine/dist/processor.js:44:25
    at _fulfilled (/Users/boboan/code/work/self/stable-screeps/node_modules/q/q.js:854:54)
    at /Users/boboan/code/work/self/stable-screeps/node_modules/q/q.js:883:30
    at Promise.promise.promiseDispatch (/Users/boboan/code/work/self/stable-screeps/node_modules/q/q.js:816:13)
    at /Users/boboan/code/work/self/stable-screeps/node_modules/q/q.js:570:49
    at runSingle (/Users/boboan/code/work/self/stable-screeps/node_modules/q/q.js:137:13)
    at flush (/Users/boboan/code/work/self/stable-screeps/node_modules/q/q.js:125:13)
    at processTicksAndRejections (internal/process/task_queues.js:79:11)
Got SIGTERM, disabling queue fetching
Storage connection lost
Loading mods from "/Users/boboan/code/work/self/stable-screeps/server/db.json"
Connecting to storage
Error processing room W0N0: TypeError: Cannot read property 'terrain' of undefined
    at /Users/boboan/code/work/self/stable-screeps/node_modules/@screeps/engine/dist/processor.js:44:25
    at _fulfilled (/Users/boboan/code/work/self/stable-screeps/node_modules/q/q.js:854:54)
    at /Users/boboan/code/work/self/stable-screeps/node_modules/q/q.js:883:30
    at Promise.promise.promiseDispatch (/Users/boboan/code/work/self/stable-screeps/node_modules/q/q.js:816:13)
    at /Users/boboan/code/work/self/stable-screeps/node_modules/q/q.js:570:49
    at runSingle (/Users/boboan/code/work/self/stable-screeps/node_modules/q/q.js:137:13)
    at flush (/Users/boboan/code/work/self/stable-screeps/node_modules/q/q.js:125:13)
    at processTicksAndRejections (internal/process/task_queues.js:79:11)
Got SIGTERM, disabling queue fetching
Storage connection lost
Loading mods from "/Users/boboan/code/work/self/stable-screeps/server/db.json"
Connecting to storage
Error processing room W0N0: TypeError: Cannot read property 'terrain' of undefined
    at /Users/boboan/code/work/self/stable-screeps/node_modules/@screeps/engine/dist/processor.js:44:25
    at _fulfilled (/Users/boboan/code/work/self/stable-screeps/node_modules/q/q.js:854:54)
    at /Users/boboan/code/work/self/stable-screeps/node_modules/q/q.js:883:30
    at Promise.promise.promiseDispatch (/Users/boboan/code/work/self/stable-screeps/node_modules/q/q.js:816:13)
    at /Users/boboan/code/work/self/stable-screeps/node_modules/q/q.js:570:49
    at runSingle (/Users/boboan/code/work/self/stable-screeps/node_modules/q/q.js:137:13)
    at flush (/Users/boboan/code/work/self/stable-screeps/node_modules/q/q.js:125:13)
    at processTicksAndRejections (internal/process/task_queues.js:79:11)
Got SIGTERM, disabling queue fetching
Storage connection lost
Loading mods from "/Users/boboan/code/work/self/stable-screeps/server/db.json"
Connecting to storage
Error processing room W0N0: TypeError: Cannot read property 'terrain' of undefined
    at /Users/boboan/code/work/self/stable-screeps/node_modules/@screeps/engine/dist/processor.js:44:25
    at _fulfilled (/Users/boboan/code/work/self/stable-screeps/node_modules/q/q.js:854:54)
    at /Users/boboan/code/work/self/stable-screeps/node_modules/q/q.js:883:30
    at Promise.promise.promiseDispatch (/Users/boboan/code/work/self/stable-screeps/node_modules/q/q.js:816:13)
    at /Users/boboan/code/work/self/stable-screeps/node_modules/q/q.js:570:49
    at runSingle (/Users/boboan/code/work/self/stable-screeps/node_modules/q/q.js:137:13)
    at flush (/Users/boboan/code/work/self/stable-screeps/node_modules/q/q.js:125:13)
    at processTicksAndRejections (internal/process/task_queues.js:79:11)
Got SIGTERM, disabling queue fetching
Storage connection lost
Loading mods from "/Users/boboan/code/work/self/stable-screeps/server/db.json"
Connecting to storage
Error processing room W0N0: TypeError: Cannot read property 'terrain' of undefined
    at /Users/boboan/code/work/self/stable-screeps/node_modules/@screeps/engine/dist/processor.js:44:25
    at _fulfilled (/Users/boboan/code/work/self/stable-screeps/node_modules/q/q.js:854:54)
    at /Users/boboan/code/work/self/stable-screeps/node_modules/q/q.js:883:30
    at Promise.promise.promiseDispatch (/Users/boboan/code/work/self/stable-screeps/node_modules/q/q.js:816:13)
    at /Users/boboan/code/work/self/stable-screeps/node_modules/q/q.js:570:49
    at runSingle (/Users/boboan/code/work/self/stable-screeps/node_modules/q/q.js:137:13)
    at flush (/Users/boboan/code/work/self/stable-screeps/node_modules/q/q.js:125:13)
    at processTicksAndRejections (internal/process/task_queues.js:79:11)
Got SIGTERM, disabling queue fetching
Storage connection lost
Loading mods from "/Users/boboan/code/work/self/stable-screeps/server/db.json"
Connecting to storage
Error processing room W0N0: TypeError: Cannot read property 'terrain' of undefined
    at /Users/boboan/code/work/self/stable-screeps/node_modules/@screeps/engine/dist/processor.js:44:25
    at _fulfilled (/Users/boboan/code/work/self/stable-screeps/node_modules/q/q.js:854:54)
    at /Users/boboan/code/work/self/stable-screeps/node_modules/q/q.js:883:30
    at Promise.promise.promiseDispatch (/Users/boboan/code/work/self/stable-screeps/node_modules/q/q.js:816:13)
    at /Users/boboan/code/work/self/stable-screeps/node_modules/q/q.js:570:49
    at runSingle (/Users/boboan/code/work/self/stable-screeps/node_modules/q/q.js:137:13)
    at flush (/Users/boboan/code/work/self/stable-screeps/node_modules/q/q.js:125:13)
    at processTicksAndRejections (internal/process/task_queues.js:79:11)
Got SIGTERM, disabling queue fetching
Storage connection lost
Loading mods from "/Users/boboan/code/work/self/stable-screeps/server/db.json"
Connecting to storage
Error processing room W0N0: TypeError: Cannot read property 'terrain' of undefined
    at /Users/boboan/code/work/self/stable-screeps/node_modules/@screeps/engine/dist/processor.js:44:25
    at _fulfilled (/Users/boboan/code/work/self/stable-screeps/node_modules/q/q.js:854:54)
    at /Users/boboan/code/work/self/stable-screeps/node_modules/q/q.js:883:30
    at Promise.promise.promiseDispatch (/Users/boboan/code/work/self/stable-screeps/node_modules/q/q.js:816:13)
    at /Users/boboan/code/work/self/stable-screeps/node_modules/q/q.js:570:49
    at runSingle (/Users/boboan/code/work/self/stable-screeps/node_modules/q/q.js:137:13)
    at flush (/Users/boboan/code/work/self/stable-screeps/node_modules/q/q.js:125:13)
    at processTicksAndRejections (internal/process/task_queues.js:79:11)
Got SIGTERM, disabling queue fetching
Loading mods from "/Users/boboan/code/work/self/stable-screeps/server/db.json"
Connecting to storage
Error processing room W0N0: TypeError: Cannot read property 'terrain' of undefined
    at /Users/boboan/code/work/self/stable-screeps/node_modules/@screeps/engine/dist/processor.js:44:25
    at _fulfilled (/Users/boboan/code/work/self/stable-screeps/node_modules/q/q.js:854:54)
    at /Users/boboan/code/work/self/stable-screeps/node_modules/q/q.js:883:30
    at Promise.promise.promiseDispatch (/Users/boboan/code/work/self/stable-screeps/node_modules/q/q.js:816:13)
    at /Users/boboan/code/work/self/stable-screeps/node_modules/q/q.js:570:49
    at runSingle (/Users/boboan/code/work/self/stable-screeps/node_modules/q/q.js:137:13)
    at flush (/Users/boboan/code/work/self/stable-screeps/node_modules/q/q.js:125:13)
    at processTicksAndRejections (internal/process/task_queues.js:79:11)
Got SIGTERM, disabling queue fetching
Storage connection lost
Loading mods from "/Users/boboan/code/work/self/stable-screeps/server/db.json"
Connecting to storage
Error processing room W0N0: TypeError: Cannot read property 'terrain' of undefined
    at /Users/boboan/code/work/self/stable-screeps/node_modules/@screeps/engine/dist/processor.js:44:25
    at _fulfilled (/Users/boboan/code/work/self/stable-screeps/node_modules/q/q.js:854:54)
    at /Users/boboan/code/work/self/stable-screeps/node_modules/q/q.js:883:30
    at Promise.promise.promiseDispatch (/Users/boboan/code/work/self/stable-screeps/node_modules/q/q.js:816:13)
    at /Users/boboan/code/work/self/stable-screeps/node_modules/q/q.js:570:49
    at runSingle (/Users/boboan/code/work/self/stable-screeps/node_modules/q/q.js:137:13)
    at flush (/Users/boboan/code/work/self/stable-screeps/node_modules/q/q.js:125:13)
    at processTicksAndRejections (internal/process/task_queues.js:79:11)
Got SIGTERM, disabling queue fetching
Storage connection lost
Loading mods from "/Users/boboan/code/work/self/stable-screeps/server/db.json"
Connecting to storage
Error processing room W0N0: TypeError: Cannot read property 'terrain' of undefined
    at /Users/boboan/code/work/self/stable-screeps/node_modules/@screeps/engine/dist/processor.js:44:25
    at _fulfilled (/Users/boboan/code/work/self/stable-screeps/node_modules/q/q.js:854:54)
    at /Users/boboan/code/work/self/stable-screeps/node_modules/q/q.js:883:30
    at Promise.promise.promiseDispatch (/Users/boboan/code/work/self/stable-screeps/node_modules/q/q.js:816:13)
    at /Users/boboan/code/work/self/stable-screeps/node_modules/q/q.js:570:49
    at runSingle (/Users/boboan/code/work/self/stable-screeps/node_modules/q/q.js:137:13)
    at flush (/Users/boboan/code/work/self/stable-screeps/node_modules/q/q.js:125:13)
    at processTicksAndRejections (internal/process/task_queues.js:79:11)
Got SIGTERM, disabling queue fetching
Storage connection lost
Loading mods from "/Users/boboan/code/work/self/stable-screeps/server/db.json"
Connecting to storage
Error processing room W0N0: TypeError: Cannot read property 'terrain' of undefined
    at /Users/boboan/code/work/self/stable-screeps/node_modules/@screeps/engine/dist/processor.js:44:25
    at _fulfilled (/Users/boboan/code/work/self/stable-screeps/node_modules/q/q.js:854:54)
    at /Users/boboan/code/work/self/stable-screeps/node_modules/q/q.js:883:30
    at Promise.promise.promiseDispatch (/Users/boboan/code/work/self/stable-screeps/node_modules/q/q.js:816:13)
    at /Users/boboan/code/work/self/stable-screeps/node_modules/q/q.js:570:49
    at runSingle (/Users/boboan/code/work/self/stable-screeps/node_modules/q/q.js:137:13)
    at flush (/Users/boboan/code/work/self/stable-screeps/node_modules/q/q.js:125:13)
    at processTicksAndRejections (internal/process/task_queues.js:79:11)
Got SIGTERM, disabling queue fetching
Storage connection lost
Loading mods from "/Users/boboan/code/work/self/stable-screeps/server/db.json"
Connecting to storage
Error processing room W0N0: TypeError: Cannot read property 'terrain' of undefined
    at /Users/boboan/code/work/self/stable-screeps/node_modules/@screeps/engine/dist/processor.js:44:25
    at _fulfilled (/Users/boboan/code/work/self/stable-screeps/node_modules/q/q.js:854:54)
    at /Users/boboan/code/work/self/stable-screeps/node_modules/q/q.js:883:30
    at Promise.promise.promiseDispatch (/Users/boboan/code/work/self/stable-screeps/node_modules/q/q.js:816:13)
    at /Users/boboan/code/work/self/stable-screeps/node_modules/q/q.js:570:49
    at runSingle (/Users/boboan/code/work/self/stable-screeps/node_modules/q/q.js:137:13)
    at flush (/Users/boboan/code/work/self/stable-screeps/node_modules/q/q.js:125:13)
    at processTicksAndRejections (internal/process/task_queues.js:79:11)
Got SIGTERM, disabling queue fetching
Storage connection lost
Loading mods from "/Users/boboan/code/work/self/stable-screeps/server/db.json"
Connecting to storage
Error processing room W0N0: TypeError: Cannot read property 'terrain' of undefined
    at /Users/boboan/code/work/self/stable-screeps/node_modules/@screeps/engine/dist/processor.js:44:25
    at _fulfilled (/Users/boboan/code/work/self/stable-screeps/node_modules/q/q.js:854:54)
    at /Users/boboan/code/work/self/stable-screeps/node_modules/q/q.js:883:30
    at Promise.promise.promiseDispatch (/Users/boboan/code/work/self/stable-screeps/node_modules/q/q.js:816:13)
    at /Users/boboan/code/work/self/stable-screeps/node_modules/q/q.js:570:49
    at runSingle (/Users/boboan/code/work/self/stable-screeps/node_modules/q/q.js:137:13)
    at flush (/Users/boboan/code/work/self/stable-screeps/node_modules/q/q.js:125:13)
    at processTicksAndRejections (internal/process/task_queues.js:79:11)
Got SIGTERM, disabling queue fetching
Storage connection lost
Loading mods from "/Users/boboan/code/work/self/stable-screeps/server/db.json"
Connecting to storage
Error processing room W0N0: TypeError: Cannot read property 'terrain' of undefined
    at /Users/boboan/code/work/self/stable-screeps/node_modules/@screeps/engine/dist/processor.js:44:25
    at _fulfilled (/Users/boboan/code/work/self/stable-screeps/node_modules/q/q.js:854:54)
    at /Users/boboan/code/work/self/stable-screeps/node_modules/q/q.js:883:30
    at Promise.promise.promiseDispatch (/Users/boboan/code/work/self/stable-screeps/node_modules/q/q.js:816:13)
    at /Users/boboan/code/work/self/stable-screeps/node_modules/q/q.js:570:49
    at runSingle (/Users/boboan/code/work/self/stable-screeps/node_modules/q/q.js:137:13)
    at flush (/Users/boboan/code/work/self/stable-screeps/node_modules/q/q.js:125:13)
    at processTicksAndRejections (internal/process/task_queues.js:79:11)
Got SIGTERM, disabling queue fetching
Storage connection lost
Loading mods from "/Users/boboan/code/work/self/stable-screeps/server/db.json"
Connecting to storage
Error processing room W0N0: TypeError: Cannot read property 'terrain' of undefined
    at /Users/boboan/code/work/self/stable-screeps/node_modules/@screeps/engine/dist/processor.js:44:25
    at _fulfilled (/Users/boboan/code/work/self/stable-screeps/node_modules/q/q.js:854:54)
    at /Users/boboan/code/work/self/stable-screeps/node_modules/q/q.js:883:30
    at Promise.promise.promiseDispatch (/Users/boboan/code/work/self/stable-screeps/node_modules/q/q.js:816:13)
    at /Users/boboan/code/work/self/stable-screeps/node_modules/q/q.js:570:49
    at runSingle (/Users/boboan/code/work/self/stable-screeps/node_modules/q/q.js:137:13)
    at flush (/Users/boboan/code/work/self/stable-screeps/node_modules/q/q.js:125:13)
    at processTicksAndRejections (internal/process/task_queues.js:79:11)
Got SIGTERM, disabling queue fetching
Storage connection lost
Loading mods from "/Users/boboan/code/work/self/stable-screeps/server/db.json"
Connecting to storage
Error processing room W0N0: TypeError: Cannot read property 'terrain' of undefined
    at /Users/boboan/code/work/self/stable-screeps/node_modules/@screeps/engine/dist/processor.js:44:25
    at _fulfilled (/Users/boboan/code/work/self/stable-screeps/node_modules/q/q.js:854:54)
    at /Users/boboan/code/work/self/stable-screeps/node_modules/q/q.js:883:30
    at Promise.promise.promiseDispatch (/Users/boboan/code/work/self/stable-screeps/node_modules/q/q.js:816:13)
    at /Users/boboan/code/work/self/stable-screeps/node_modules/q/q.js:570:49
    at runSingle (/Users/boboan/code/work/self/stable-screeps/node_modules/q/q.js:137:13)
    at flush (/Users/boboan/code/work/self/stable-screeps/node_modules/q/q.js:125:13)
    at processTicksAndRejections (internal/process/task_queues.js:79:11)
Got SIGTERM, disabling queue fetching
Storage connection lost
Loading mods from "/Users/boboan/code/work/self/stable-screeps/server/db.json"
Connecting to storage
Error processing room W0N0: TypeError: Cannot read property 'terrain' of undefined
    at /Users/boboan/code/work/self/stable-screeps/node_modules/@screeps/engine/dist/processor.js:44:25
    at _fulfilled (/Users/boboan/code/work/self/stable-screeps/node_modules/q/q.js:854:54)
    at /Users/boboan/code/work/self/stable-screeps/node_modules/q/q.js:883:30
    at Promise.promise.promiseDispatch (/Users/boboan/code/work/self/stable-screeps/node_modules/q/q.js:816:13)
    at /Users/boboan/code/work/self/stable-screeps/node_modules/q/q.js:570:49
    at runSingle (/Users/boboan/code/work/self/stable-screeps/node_modules/q/q.js:137:13)
    at flush (/Users/boboan/code/work/self/stable-screeps/node_modules/q/q.js:125:13)
    at processTicksAndRejections (internal/process/task_queues.js:79:11)
Got SIGTERM, disabling queue fetching
Storage connection lost
Loading mods from "/Users/boboan/code/work/self/stable-screeps/server/db.json"
Connecting to storage
Error processing room W0N0: TypeError: Cannot read property 'terrain' of undefined
    at /Users/boboan/code/work/self/stable-screeps/node_modules/@screeps/engine/dist/processor.js:44:25
    at _fulfilled (/Users/boboan/code/work/self/stable-screeps/node_modules/q/q.js:854:54)
    at /Users/boboan/code/work/self/stable-screeps/node_modules/q/q.js:883:30
    at Promise.promise.promiseDispatch (/Users/boboan/code/work/self/stable-screeps/node_modules/q/q.js:816:13)
    at /Users/boboan/code/work/self/stable-screeps/node_modules/q/q.js:570:49
    at runSingle (/Users/boboan/code/work/self/stable-screeps/node_modules/q/q.js:137:13)
    at flush (/Users/boboan/code/work/self/stable-screeps/node_modules/q/q.js:125:13)
    at processTicksAndRejections (internal/process/task_queues.js:79:11)
Got SIGTERM, disabling queue fetching
Storage connection lost
Loading mods from "/Users/boboan/code/work/self/stable-screeps/server/db.json"
Connecting to storage
Error processing room W0N0: TypeError: Cannot read property 'terrain' of undefined
    at /Users/boboan/code/work/self/stable-screeps/node_modules/@screeps/engine/dist/processor.js:44:25
    at _fulfilled (/Users/boboan/code/work/self/stable-screeps/node_modules/q/q.js:854:54)
    at /Users/boboan/code/work/self/stable-screeps/node_modules/q/q.js:883:30
    at Promise.promise.promiseDispatch (/Users/boboan/code/work/self/stable-screeps/node_modules/q/q.js:816:13)
    at /Users/boboan/code/work/self/stable-screeps/node_modules/q/q.js:570:49
    at runSingle (/Users/boboan/code/work/self/stable-screeps/node_modules/q/q.js:137:13)
    at flush (/Users/boboan/code/work/self/stable-screeps/node_modules/q/q.js:125:13)
    at processTicksAndRejections (internal/process/task_queues.js:79:11)
Got SIGTERM, disabling queue fetching
Storage connection lost
Loading mods from "/Users/boboan/code/work/self/stable-screeps/server/db.json"
Connecting to storage
Error processing room W0N0: TypeError: Cannot read property 'terrain' of undefined
    at /Users/boboan/code/work/self/stable-screeps/node_modules/@screeps/engine/dist/processor.js:44:25
    at _fulfilled (/Users/boboan/code/work/self/stable-screeps/node_modules/q/q.js:854:54)
    at /Users/boboan/code/work/self/stable-screeps/node_modules/q/q.js:883:30
    at Promise.promise.promiseDispatch (/Users/boboan/code/work/self/stable-screeps/node_modules/q/q.js:816:13)
    at /Users/boboan/code/work/self/stable-screeps/node_modules/q/q.js:570:49
    at runSingle (/Users/boboan/code/work/self/stable-screeps/node_modules/q/q.js:137:13)
    at flush (/Users/boboan/code/work/self/stable-screeps/node_modules/q/q.js:125:13)
    at processTicksAndRejections (internal/process/task_queues.js:79:11)
Got SIGTERM, disabling queue fetching
Storage connection lost
Loading mods from "/Users/boboan/code/work/self/stable-screeps/server/db.json"
Connecting to storage
Error processing room W0N0: TypeError: Cannot read property 'terrain' of undefined
    at /Users/boboan/code/work/self/stable-screeps/node_modules/@screeps/engine/dist/processor.js:44:25
    at _fulfilled (/Users/boboan/code/work/self/stable-screeps/node_modules/q/q.js:854:54)
    at /Users/boboan/code/work/self/stable-screeps/node_modules/q/q.js:883:30
    at Promise.promise.promiseDispatch (/Users/boboan/code/work/self/stable-screeps/node_modules/q/q.js:816:13)
    at /Users/boboan/code/work/self/stable-screeps/node_modules/q/q.js:570:49
    at runSingle (/Users/boboan/code/work/self/stable-screeps/node_modules/q/q.js:137:13)
    at flush (/Users/boboan/code/work/self/stable-screeps/node_modules/q/q.js:125:13)
    at processTicksAndRejections (internal/process/task_queues.js:79:11)
Got SIGTERM, disabling queue fetching
Storage connection lost
Loading mods from "/Users/boboan/code/work/self/stable-screeps/server/db.json"
Connecting to storage
Error processing room W0N0: TypeError: Cannot read property 'terrain' of undefined
    at /Users/boboan/code/work/self/stable-screeps/node_modules/@screeps/engine/dist/processor.js:44:25
    at _fulfilled (/Users/boboan/code/work/self/stable-screeps/node_modules/q/q.js:854:54)
    at /Users/boboan/code/work/self/stable-screeps/node_modules/q/q.js:883:30
    at Promise.promise.promiseDispatch (/Users/boboan/code/work/self/stable-screeps/node_modules/q/q.js:816:13)
    at /Users/boboan/code/work/self/stable-screeps/node_modules/q/q.js:570:49
    at runSingle (/Users/boboan/code/work/self/stable-screeps/node_modules/q/q.js:137:13)
    at flush (/Users/boboan/code/work/self/stable-screeps/node_modules/q/q.js:125:13)
    at processTicksAndRejections (internal/process/task_queues.js:79:11)
Got SIGTERM, disabling queue fetching
Storage connection lost
