Loading mods from "/Users/boboan/code/work/self/stable-screeps/server/db.json"
Connecting to storage
Terrain shared buffer size: 7500
Got SIGTERM, disabling queue fetching
Storage connection lost
Loading mods from "/Users/boboan/code/work/self/stable-screeps/server/db.json"
Connecting to storage
Terrain shared buffer size: 7500
Got SIGTERM, disabling queue fetching
Storage connection lost
Loading mods from "/Users/boboan/code/work/self/stable-screeps/server/db.json"
Connecting to storage
Terrain shared buffer size: 7500
Got SIGTERM, disabling queue fetching
Storage connection lost
Loading mods from "/Users/boboan/code/work/self/stable-screeps/server/db.json"
Connecting to storage
Terrain shared buffer size: 7500
Got SIGTERM, disabling queue fetching
Storage connection lost
Loading mods from "/Users/boboan/code/work/self/stable-screeps/server/db.json"
Connecting to storage
Terrain shared buffer size: 7500
Got SIGTERM, disabling queue fetching
Storage connection lost
Loading mods from "/Users/boboan/code/work/self/stable-screeps/server/db.json"
Connecting to storage
Terrain shared buffer size: 7500
Got SIGTERM, disabling queue fetching
Storage connection lost
Loading mods from "/Users/boboan/code/work/self/stable-screeps/server/db.json"
Connecting to storage
Terrain shared buffer size: 7500
Got SIGTERM, disabling queue fetching
Storage connection lost
Loading mods from "/Users/boboan/code/work/self/stable-screeps/server/db.json"
Connecting to storage
Terrain shared buffer size: 7500
Got SIGTERM, disabling queue fetching
Storage connection lost
Loading mods from "/Users/boboan/code/work/self/stable-screeps/server/db.json"
Connecting to storage
Terrain shared buffer size: 7500
Got SIGTERM, disabling queue fetching
Storage connection lost
Loading mods from "/Users/boboan/code/work/self/stable-screeps/server/db.json"
Connecting to storage
Terrain shared buffer size: 7500
Got SIGTERM, disabling queue fetching
Loading mods from "/Users/boboan/code/work/self/stable-screeps/server/db.json"
Connecting to storage
Terrain shared buffer size: 7500
Got SIGTERM, disabling queue fetching
Storage connection lost
Loading mods from "/Users/boboan/code/work/self/stable-screeps/server/db.json"
Connecting to storage
Terrain shared buffer size: 7500
Got SIGTERM, disabling queue fetching
Storage connection lost
Loading mods from "/Users/boboan/code/work/self/stable-screeps/server/db.json"
Connecting to storage
Terrain shared buffer size: 7500
Got SIGTERM, disabling queue fetching
Storage connection lost
Loading mods from "/Users/boboan/code/work/self/stable-screeps/server/db.json"
Connecting to storage
Terrain shared buffer size: 7500
Got SIGTERM, disabling queue fetching
Storage connection lost
Loading mods from "/Users/boboan/code/work/self/stable-screeps/server/db.json"
Connecting to storage
Terrain shared buffer size: 7500
Got SIGTERM, disabling queue fetching
Storage connection lost
Loading mods from "/Users/boboan/code/work/self/stable-screeps/server/db.json"
Connecting to storage
Terrain shared buffer size: 7500
Got SIGTERM, disabling queue fetching
Storage connection lost
Loading mods from "/Users/boboan/code/work/self/stable-screeps/server/db.json"
Connecting to storage
Terrain shared buffer size: 7500
Got SIGTERM, disabling queue fetching
Storage connection lost
Loading mods from "/Users/boboan/code/work/self/stable-screeps/server/db.json"
Connecting to storage
Terrain shared buffer size: 7500
Got SIGTERM, disabling queue fetching
Storage connection lost
Loading mods from "/Users/boboan/code/work/self/stable-screeps/server/db.json"
Connecting to storage
Terrain shared buffer size: 7500
Got SIGTERM, disabling queue fetching
Storage connection lost
Loading mods from "/Users/boboan/code/work/self/stable-screeps/server/db.json"
Connecting to storage
Terrain shared buffer size: 7500
Got SIGTERM, disabling queue fetching
Storage connection lost
Loading mods from "/Users/boboan/code/work/self/stable-screeps/server/db.json"
Connecting to storage
Terrain shared buffer size: 7500
Got SIGTERM, disabling queue fetching
Storage connection lost
Loading mods from "/Users/boboan/code/work/self/stable-screeps/server/db.json"
Connecting to storage
Terrain shared buffer size: 7500
Got SIGTERM, disabling queue fetching
Storage connection lost
Loading mods from "/Users/boboan/code/work/self/stable-screeps/server/db.json"
Connecting to storage
Terrain shared buffer size: 7500
Got SIGTERM, disabling queue fetching
Storage connection lost
Loading mods from "/Users/boboan/code/work/self/stable-screeps/server/db.json"
Connecting to storage
Terrain shared buffer size: 7500
Got SIGTERM, disabling queue fetching
Storage connection lost
Loading mods from "/Users/boboan/code/work/self/stable-screeps/server/db.json"
Connecting to storage
Terrain shared buffer size: 7500
Got SIGTERM, disabling queue fetching
Storage connection lost
